<?xml version="1.0" encoding="UTF-8"?>
<!-- Generated by org.testng.reporters.JUnitReportReporter -->
<testsuite hostname="Dhanaseelis-MacBook-Air.local" failures="0" tests="1" name="testcasesequential.TC002_CreateAccountFunctionality" time="12.151" errors="0" timestamp="2024-10-29T04:03:56 IST" skipped="0">
  <testcase classname="testcasesequential.TC002_CreateAccountFunctionality" name="executeCreateAccountFunc" time="12.151"/>
</testsuite> <!-- testcasesequential.TC002_CreateAccountFunctionality -->
